
C:\Users\Admin\Desktop\ServEase\android>if "Windows_NT" == "Windows_NT" setlocal

C:\Users\Admin\Desktop\ServEase\android>set DIRNAME=C:\Users\Admin\Desktop\ServEase\android\ 

C:\Users\Admin\Desktop\ServEase\android>if "C:\Users\Admin\Desktop\ServEase\android\" == "" set DIRNAME=. 

C:\Users\Admin\Desktop\ServEase\android>set APP_BASE_NAME=gradlew 

C:\Users\Admin\Desktop\ServEase\android>set APP_HOME=C:\Users\Admin\Desktop\ServEase\android\ 

C:\Users\Admin\Desktop\ServEase\android>for %i in ("C:\Users\Admin\Desktop\ServEase\android\") do set APP_HOME=%~fi 

C:\Users\Admin\Desktop\ServEase\android>set APP_HOME=C:\Users\Admin\Desktop\ServEase\android\ 

C:\Users\Admin\Desktop\ServEase\android>set DEFAULT_JVM_OPTS="-Xmx64m" "-Xms64m" 

C:\Users\Admin\Desktop\ServEase\android>if defined JAVA_HOME goto findJavaFromJavaHome 

C:\Users\Admin\Desktop\ServEase\android>set JAVA_HOME=C:\Program Files\Eclipse Adoptium\jdk-17.0.18.8-hotspot 

C:\Users\Admin\Desktop\ServEase\android>set JAVA_EXE=C:\Program Files\Eclipse Adoptium\jdk-17.0.18.8-hotspot/bin/java.exe 

C:\Users\Admin\Desktop\ServEase\android>if exist "C:\Program Files\Eclipse Adoptium\jdk-17.0.18.8-hotspot/bin/java.exe" goto execute 

C:\Users\Admin\Desktop\ServEase\android>set CLASSPATH= 

C:\Users\Admin\Desktop\ServEase\android>"C:\Program Files\Eclipse Adoptium\jdk-17.0.18.8-hotspot/bin/java.exe" "-Xmx64m" "-Xms64m"   "-Dorg.gradle.appname=gradlew" -classpath "" -jar "C:\Users\Admin\Desktop\ServEase\android\\gradle\wrapper\gradle-wrapper.jar" assembleDebug --stacktrace --info 
Downloading https://services.gradle.org/distributions/gradle-8.14.3-bin.zip
.............10%.............20%.............30%.............40%.............50%.............60%.............70%.............80%.............90%..............100%
Initialized native services in: C:\Users\Admin\Desktop\ServEase\android\.gradle-home-2\native
Initialized jansi services in: C:\Users\Admin\Desktop\ServEase\android\.gradle-home-2\native

Welcome to Gradle 8.14.3!

Here are the highlights of this release:
 - Java 24 support
 - GraalVM Native Image toolchain selection
 - Enhancements to test reporting
 - Build Authoring improvements

For more details see https://docs.gradle.org/8.14.3/release-notes.html

Removing 0 daemon stop events from registry
Starting a Gradle Daemon (subsequent builds will be faster)
Starting process 'Gradle build daemon'. Working directory: C:\Users\Admin\Desktop\ServEase\android\.gradle-home-2\daemon\8.14.3 Command: C:\Program Files\Eclipse Adoptium\jdk-17.0.18.8-hotspot\bin\java.exe --add-opens=java.base/java.lang=ALL-UNNAMED --add-opens=java.base/java.lang.invoke=ALL-UNNAMED --add-opens=java.base/java.util=ALL-UNNAMED --add-opens=java.prefs/java.util.prefs=ALL-UNNAMED --add-exports=jdk.compiler/com.sun.tools.javac.api=ALL-UNNAMED --add-exports=jdk.compiler/com.sun.tools.javac.util=ALL-UNNAMED --add-opens=java.base/java.util=ALL-UNNAMED --add-opens=java.prefs/java.util.prefs=ALL-UNNAMED --add-opens=java.base/java.nio.charset=ALL-UNNAMED --add-opens=java.base/java.net=ALL-UNNAMED --add-opens=java.base/java.util.concurrent.atomic=ALL-UNNAMED --add-opens=java.xml/javax.xml.namespace=ALL-UNNAMED -XX:MaxMetaspaceSize=512m -Xmx2048m -Dfile.encoding=windows-1252 -Duser.country=PH -Duser.language=en -Duser.variant -cp C:\Users\Admin\Desktop\ServEase\android\.gradle-home-2\wrapper\dists\gradle-8.14.3-bin\cv11ve7ro1n3o1j4so8xd9n66\gradle-8.14.3\lib\gradle-daemon-main-8.14.3.jar -javaagent:C:\Users\Admin\Desktop\ServEase\android\.gradle-home-2\wrapper\dists\gradle-8.14.3-bin\cv11ve7ro1n3o1j4so8xd9n66\gradle-8.14.3\lib\agents\gradle-instrumentation-agent-8.14.3.jar org.gradle.launcher.daemon.bootstrap.GradleDaemon 8.14.3
Successfully started process 'Gradle build daemon'
An attempt to start the daemon took 12.404 secs.
The client will now receive all logging from the daemon (pid: 11648). The daemon log file: C:\Users\Admin\Desktop\ServEase\android\.gradle-home-2\daemon\8.14.3\daemon-11648.out.log
Starting build in new daemon [memory: 2 GiB]
Using 4 worker leases.
Received JVM installation metadata from 'C:\Program Files\Eclipse Adoptium\jdk-17.0.18.8-hotspot': {JAVA_HOME=C:\Program Files\Eclipse Adoptium\jdk-17.0.18.8-hotspot, JAVA_VERSION=17.0.18, JAVA_VENDOR=Eclipse Adoptium, RUNTIME_NAME=OpenJDK Runtime Environment, RUNTIME_VERSION=17.0.18+8, VM_NAME=OpenJDK 64-Bit Server VM, VM_VERSION=17.0.18+8, VM_VENDOR=Eclipse Adoptium, OS_ARCH=amd64}
Watching the file system is configured to be enabled if available
Now considering [C:\Users\Admin\Desktop\ServEase\android] as hierarchies to watch
File system watching is active
Starting Build
Caching disabled for Groovy DSL script compilation (cp_settings) because:
  Build cache is disabled
  Not worth caching.
Compiling settings file 'C:\Users\Admin\Desktop\ServEase\android\settings.gradle' using SubsetScriptTransformer.
Starting process 'command 'node''. Working directory: C:\Users\Admin\Desktop\ServEase\android Command: node --print require.resolve('@react-native/gradle-plugin/package.json', { paths: [require.resolve('react-native/package.json')] })
Successfully started process 'command 'node''
Starting process 'command 'node''. Working directory: C:\Users\Admin\Desktop\ServEase\android Command: node --print require.resolve('expo-modules-autolinking/package.json', { paths: [require.resolve('expo/package.json')] })
Successfully started process 'command 'node''
Now considering [C:\Users\Admin\Desktop\ServEase\node_modules\@react-native\gradle-plugin, C:\Users\Admin\Desktop\ServEase\android] as hierarchies to watch
Watched directory hierarchies: []

C:\Users\Admin\Desktop\ServEase\android>if 1 EQU 0 goto mainEnd 

C:\Users\Admin\Desktop\ServEase\android>rem Set variable GRADLE_EXIT_CONSOLE if you need the _script_ return code instead of 

C:\Users\Admin\Desktop\ServEase\android>rem the _cmd.exe /c_ return code! 

C:\Users\Admin\Desktop\ServEase\android>set EXIT_CODE=1 

C:\Users\Admin\Desktop\ServEase\android>if 1 EQU 0 set EXIT_CODE=1 

C:\Users\Admin\Desktop\ServEase\android>if not "" == "" exit 1 

C:\Users\Admin\Desktop\ServEase\android>exit /b 1 
